<?xml version="1.0" encoding="UTF-8"?>
<!-- Generated by org.testng.reporters.JUnitReportReporter -->
<testsuite hostname="DESKTOP-NQBQ4T8" failures="0" tests="4" name="com.testng.Parallel_test" time="0.028" errors="0" timestamp="2022-10-01T08:09:55 IST" skipped="0">
  <testcase classname="com.testng.Parallel_test" name="facebook" time="0.006"/>
  <system-out/>
  <testcase classname="com.testng.Parallel_test" name="insta" time="0.008"/>
  <system-out/>
  <testcase classname="com.testng.Parallel_test" name="whatsapp" time="0.009"/>
  <system-out/>
  <testcase classname="com.testng.Parallel_test" name="tele" time="0.005"/>
  <system-out/>
</testsuite> <!-- com.testng.Parallel_test -->
