<?xml version="1.0" encoding="UTF-8"?>
<!-- Generated by org.testng.reporters.JUnitReportReporter -->
<testsuite hostname="DESKTOP-NQBQ4T8" failures="0" tests="4" name="com.testng.Skip_test_case" time="0.035" errors="0" timestamp="2022-09-29T12:30:32 IST" skipped="1">
  <testcase classname="com.testng.Skip_test_case" name="morning_veg" time="0.021"/>
  <system-out/>
  <testcase classname="com.testng.Skip_test_case" name="afternoon_veg" time="0.006"/>
  <system-out/>
  <testcase classname="com.testng.Skip_test_case" name="afternoon_nonveg" time="0.008"/>
  <system-out/>
  <testcase classname="com.testng.Skip_test_case" name="morning_nonveg">
    <skipped/>
  </testcase> <!-- morning_nonveg -->
  <system-out/>
</testsuite> <!-- com.testng.Skip_test_case -->
