<?xml version="1.0" encoding="UTF-8"?>
<!-- Generated by org.testng.reporters.JUnitReportReporter -->
<testsuite hostname="DESKTOP-NQBQ4T8" failures="0" tests="3" name="com.testng.Depentency_test" time="0.037" errors="0" timestamp="2022-09-29T14:31:19 IST" skipped="0">
  <testcase classname="com.testng.Depentency_test" name="grandfather" time="0.022"/>
  <system-out/>
  <testcase classname="com.testng.Depentency_test" name="father" time="0.004"/>
  <system-out/>
  <testcase classname="com.testng.Depentency_test" name="son" time="0.011"/>
  <system-out/>
</testsuite> <!-- com.testng.Depentency_test -->
