<?xml version="1.0" encoding="UTF-8"?>
<!-- Generated by org.testng.reporters.JUnitReportReporter -->
<testsuite hostname="DESKTOP-NQBQ4T8" failures="0" tests="4" name="com.testng.gift" time="0.109" errors="0" timestamp="2022-10-01T08:17:05 IST" skipped="0">
  <testcase classname="com.testng.gift" name="givefirststudent" time="0.033"/>
  <system-out/>
  <testcase classname="com.testng.gift" name="givesecondstudent" time="0.016"/>
  <system-out/>
  <testcase classname="com.testng.gift" name="givethirdstudent" time="0.047"/>
  <system-out/>
  <testcase classname="com.testng.gift" name="giveforthtudent" time="0.013"/>
  <system-out/>
</testsuite> <!-- com.testng.gift -->
