<?xml version="1.0" encoding="UTF-8"?>
<!-- Generated by org.testng.reporters.JUnitReportReporter -->
<testsuite hostname="DESKTOP-NQBQ4T8" failures="0" tests="1" name="com.testng.Parametrized_test" time="0.147" errors="0" timestamp="2022-10-01T08:09:55 IST" skipped="0">
  <testcase classname="com.testng.Parametrized_test" name="details" time="0.147"/>
  <system-out/>
</testsuite> <!-- com.testng.Parametrized_test -->
