<?xml version="1.0" encoding="UTF-8"?>
<!-- Generated by org.testng.reporters.JUnitReportReporter -->
<testsuite hostname="DESKTOP-NQBQ4T8" failures="0" tests="1" name="com.testng.Timeout_testing" time="6.103" errors="0" timestamp="2022-10-07T19:21:47 IST" skipped="0">
  <testcase classname="com.testng.Timeout_testing" name="names" time="6.103"/>
  <system-out/>
</testsuite> <!-- com.testng.Timeout_testing -->
