<?xml version="1.0" encoding="UTF-8"?>
<!-- Generated by org.testng.reporters.JUnitReportReporter -->
<testsuite hostname="DESKTOP-NQBQ4T8" failures="0" tests="3" name="com.testng.Dataprovider" time="0.078" errors="0" timestamp="2022-10-01T08:59:46 IST" skipped="0">
  <testcase classname="com.testng.Dataprovider" name="mobile" time="0.013"/>
  <system-out/>
  <testcase classname="com.testng.Dataprovider" name="mobile" time="0.028"/>
  <system-out/>
  <testcase classname="com.testng.Dataprovider" name="mobile" time="0.037"/>
  <system-out/>
</testsuite> <!-- com.testng.Dataprovider -->
