<?xml version="1.0" encoding="UTF-8"?>
<!-- Generated by org.testng.reporters.JUnitReportReporter -->
<testsuite hostname="DESKTOP-NQBQ4T8" failures="0" tests="1" name="com.testng.Expected_exception" time="0.022" errors="0" timestamp="2022-09-30T13:07:37 IST" skipped="0">
  <testcase classname="com.testng.Expected_exception" name="demo" time="0.022"/>
  <system-out/>
</testsuite> <!-- com.testng.Expected_exception -->
