<?xml version="1.0" encoding="UTF-8"?>
<!-- Generated by org.testng.reporters.JUnitReportReporter -->
<testsuite hostname="DESKTOP-NQBQ4T8" failures="0" tests="4" name="com.testng.Grouping" time="0.038" errors="0" timestamp="2022-09-29T19:04:46 IST" skipped="0">
  <testcase classname="com.testng.Grouping" name="vivo1" time="0.005"/>
  <system-out/>
  <testcase classname="com.testng.Grouping" name="apple1" time="0.018"/>
  <system-out/>
  <testcase classname="com.testng.Grouping" name="apple2" time="0.003"/>
  <system-out/>
  <testcase classname="com.testng.Grouping" name="vivo2" time="0.012"/>
  <system-out/>
</testsuite> <!-- com.testng.Grouping -->
